make all --print-data-base --no-builtin-variables --no-builtin-rules --question
# GNU Make 4.1
# Built for x86_64-pc-linux-gnu
# Copyright (C) 1988-2014 Free Software Foundation, Inc.
# License GPLv3+: GNU GPL version 3 or later <http://gnu.org/licenses/gpl.html>
# This is free software: you are free to change and redistribute it.
# There is NO WARRANTY, to the extent permitted by law.

# Make data base, printed on Sun Jun  5 00:43:13 2022

# Variables

# automatic
<D = $(patsubst %/,%,$(dir $<))
# automatic
?F = $(notdir $?)
# environment
WSLENV = VSCODE_WSL_EXT_LOCATION/up
# default
.SHELLFLAGS := -c
# makefile (from 'makefile', line 28)
OBJ = $(addprefix obj/, $(SRC:.c=.o))
# makefile (from 'makefile', line 25)
SRC = gnl/get_next_line.c gnl/get_next_line_utils.c main.c link_list.c check_line_ber.c parse.c ft_free.c check_wall.c draw_image.c init.c exit_game.c
# environment
VSCODE_LOG_NATIVE = false
# makefile (from 'makefile', line 31)
LIBRARY = libft/library/libft.a
# automatic
?D = $(patsubst %/,%,$(dir $?))
# automatic
@D = $(patsubst %/,%,$(dir $@))
# automatic
@F = $(notdir $@)
# makefile
CURDIR := /home/taha/desktop/so_long
# makefile
SHELL = /bin/sh
# makefile (from 'makefile', line 22)
RM = rm -rf
# environment
VSCODE_NLS_CONFIG = {"locale":"en","availableLanguages":{}}
# environment
_ = /bin/sh
# makefile (from 'makefile', line 17)
CFLAGS = -Lmlx_linux -lmlx_Linux -L/usr/local/lib -Imlx_linux -lXext -lX11 -lm -lz 
# makefile (from 'makefile', line 1)
MAKEFILE_LIST :=  makefile
# 'override' directive
GNUMAKEFLAGS := 
# environment
VSCODE_VERBOSE_LOGGING = true
# environment
VSCODE_CWD = /mnt/c/Users/Taha/AppData/Local/Programs/Microsoft VS Code
# default
MAKE_HOST := x86_64-pc-linux-gnu
# environment
PATH = /home/taha/.vscode-server/bin/c3511e6c69bb39013c4a4b7b9566ec1ca73fc4d5/bin/remote-cli:/usr/local/sbin:/usr/local/bin:/usr/sbin:/usr/bin:/sbin:/bin:/usr/games:/usr/local/games:/usr/lib/wsl/lib:/mnt/c/Windows/system32:/mnt/c/Windows:/mnt/c/Windows/System32/Wbem:/mnt/c/Windows/System32/WindowsPowerShell/v1.0/:/mnt/c/Windows/System32/OpenSSH/:/mnt/c/Program Files (x86)/Intel/Intel(R) Management Engine Components/DAL:/mnt/c/Program Files/Intel/Intel(R) Management Engine Components/DAL:/mnt/c/Program Files/dotnet/:/mnt/c/Program Files/Git/cmd:/mnt/c/Program Files/CMake/bin:/mnt/c/MinGW/bin:/mnt/c/Program Files (x86)/GnuWin32/bin:/mnt/c/Program Files/PuTTY/:/mnt/c/Program Files (x86)/GNU Arm Embedded Toolchain/10 2021.10/bin:/mnt/c/Users/Taha/AppData/Local/Programs/Python/Python310/Scripts/:/mnt/c/Users/Taha/AppData/Local/Programs/Python/Python310/:/mnt/c/Users/Taha/AppData/Local/Microsoft/WindowsApps:/mnt/c/Users/Taha/AppData/Local/Programs/Microsoft VS Code/bin:/mnt/c/Users/Taha/AppData/Local/Programs/Microsoft VS Code Insiders/bin:/mnt/c/Program Files/JetBrains/PyCharm 2021.3.3/bin:/mnt/c/MinGW/bin:/mnt/c/Program Files (x86)/GnuWin32/bin
# environment
VSCODE_WSL_DEBUG_INFO = true
# environment
VSCODE_LOG_STACK = false
# default
.FEATURES := target-specific order-only second-expansion else-if shortest-stem undefine oneshell archives jobserver output-sync check-symlink load
# automatic
%F = $(notdir $%)
# makefile (from 'makefile', line 34)
COLOR = '\033[0;32m'
# environment
VSCODE_PIPE_LOGGING = true
# environment
PWD = /home/taha/desktop/so_long
# environment
VSCODE_IPC_HOOK_CLI = /tmp/vscode-ipc-16a036fc-1543-4ef9-85db-d63519267777.sock
# environment
WSL_INTEROP = /run/WSL/11_interop
# environment
VSCODE_AMD_ENTRYPOINT = vs/workbench/api/node/extensionHostProcess
# environment
HOME = /home/taha
# environment
LOGNAME = taha
# environment
APPLICATION_INSIGHTS_NO_DIAGNOSTIC_CHANNEL = 1
# environment
VSCODE_HANDLES_UNCAUGHT_ERRORS = true
# automatic
^D = $(patsubst %/,%,$(dir $^))
# environment
MAKELEVEL := 0
# default
MAKE = $(MAKE_COMMAND)
# default
MAKECMDGOALS := all
# environment
SHLVL = 1
# makefile (from 'makefile', line 23)
CC = gcc -g
# default
MAKE_VERSION := 4.1
# environment
USER = taha
# makefile
.DEFAULT_GOAL := all
# makefile (from 'makefile', line 40)
NAME = main
# makefile (from 'makefile', line 36)
RE = '\033[0;34m'
# automatic
%D = $(patsubst %/,%,$(dir $%))
# environment
VSCODE_WSL_EXT_LOCATION = /mnt/c/Users/Taha/.vscode/extensions/ms-vscode-remote.remote-wsl-0.66.3
# default
MAKE_COMMAND := make
# makefile (from 'makefile', line 35)
NC = '\033[0m'
# default
.VARIABLES := 
# automatic
*F = $(notdir $*)
# makefile (from 'makefile', line 14)
OS = $(shell uname -s)
# makefile (from 'makefile', line 37)
RED = '\033[0;31m'
# makefile
MAKEFLAGS = pqrR
# environment
MFLAGS = -pqrR
# automatic
*D = $(patsubst %/,%,$(dir $*))
# automatic
+D = $(patsubst %/,%,$(dir $+))
# automatic
+F = $(notdir $+)
# environment
VSCODE_HANDLES_SIGPIPE = true
# default
MAKEFILES := 
# automatic
<F = $(notdir $<)
# environment
LC_ALL = C
# environment
HOSTTYPE = x86_64
# automatic
^F = $(notdir $^)
# default
SUFFIXES := 
# default
.INCLUDE_DIRS = /usr/include /usr/local/include /usr/include
# default
.RECIPEPREFIX := 
# environment
LANG = C
# environment
TERM = xterm-256color
# environment
VSCODE_EXTHOST_WILL_SEND_SOCKET = true
# environment
WSL_DISTRO_NAME = Ubuntu-18.04
# variable set hash-table stats:
# Load=74/1024=7%, Rehash=0, Collisions=5/116=4%

# Pattern-specific Variable Values

# No pattern-specific variable values.

# Directories

# . (device 2064, inode 104341): 14 files, no impossibilities.
# gnl (device 2064, inode 107035): 3 files, no impossibilities so far.
# libft/library (device 2064, inode 107182): No files, no impossibilities so far.
# src (device 2064, inode 107000): 12 files, no impossibilities so far.

# 29 files, no impossibilities in 4 directories.

# Implicit Rules

obj/%.o: src/%.c
#  recipe to execute (from 'makefile', line 53):
	@ mkdir -p obj
	@ $(CC) -c $< -o $@
	@ echo ${RE}"Making the $(notdir $@)"${NC}

obj/gnl/%.o: gnl/%.c libft/library/libft.a
#  recipe to execute (from 'makefile', line 58):
	@ mkdir -p obj/gnl
	@ $(CC) -c $< -o $@
	@ echo ${RE}"Making the $(notdir $@)"${NC}

# 2 implicit rules, 0 (0.0%) terminal.

# Files

# Not a target:
src/check_wall.c:
#  Implicit rule search has been done.
#  Last modified 2022-06-01 04:46:58.3976763
#  File has been updated.
#  Successfully updated.

obj/draw_image.o: src/draw_image.c
#  Implicit rule search has been done.
#  Implicit/static pattern stem: 'draw_image'
#  Last modified 2022-06-05 00:41:19.0884134
#  File has been updated.
#  Successfully updated.
#  recipe to execute (from 'makefile', line 53):
	@ mkdir -p obj
	@ $(CC) -c $< -o $@
	@ echo ${RE}"Making the $(notdir $@)"${NC}

obj/gnl/get_next_line.o: gnl/get_next_line.c libft/library/libft.a
#  Implicit rule search has been done.
#  Implicit/static pattern stem: 'get_next_line'
#  Last modified 2022-06-05 00:41:18.7684134
#  File has been updated.
#  Successfully updated.
#  recipe to execute (from 'makefile', line 58):
	@ mkdir -p obj/gnl
	@ $(CC) -c $< -o $@
	@ echo ${RE}"Making the $(notdir $@)"${NC}

all: main
#  Command line target.
#  Implicit rule search has not been done.
#  Implicit/static pattern stem: ''
#  File does not exist.
#  File has been updated.
#  Needs to be updated (-q is set).
# automatic
# @ := all
# automatic
# % := 
# automatic
# * := 
# automatic
# + := main
# automatic
# | := 
# automatic
# < := main
# automatic
# ^ := main
# automatic
# ? := main
# variable set hash-table stats:
# Load=8/32=25%, Rehash=0, Collisions=1/12=8%
#  recipe to execute (from 'makefile', line 45):
	echo $(T)

obj/ft_free.o: src/ft_free.c
#  Implicit rule search has been done.
#  Implicit/static pattern stem: 'ft_free'
#  Last modified 2022-06-05 00:41:19.0084134
#  File has been updated.
#  Successfully updated.
#  recipe to execute (from 'makefile', line 53):
	@ mkdir -p obj
	@ $(CC) -c $< -o $@
	@ echo ${RE}"Making the $(notdir $@)"${NC}

obj/link_list.o: src/link_list.c
#  Implicit rule search has been done.
#  Implicit/static pattern stem: 'link_list'
#  Last modified 2022-06-05 00:41:18.8784134
#  File has been updated.
#  Successfully updated.
#  recipe to execute (from 'makefile', line 53):
	@ mkdir -p obj
	@ $(CC) -c $< -o $@
	@ echo ${RE}"Making the $(notdir $@)"${NC}

# Not a target:
src/check_line_ber.c:
#  Implicit rule search has been done.
#  Last modified 2022-06-03 05:35:21.795274
#  File has been updated.
#  Successfully updated.

obj/main.o: src/main.c
#  Implicit rule search has been done.
 
#  Implicit/static pattern stem: 'main'
#  Last modified 2022-06-05 00:41:18.8384134
#  File has been updated.
#  Successfully updated.
#  recipe to execute (from 'makefile', line 53):
	@ mkdir -p obj
	@ $(CC) -c $< -o $@
	@ echo ${RE}"Making the $(notdir $@)"${NC}

# Not a target:
.SUFFIXES:
#  Implicit rule search has not been done.
#  Modification time never checked.
#  File has not been updated.

# Not a target:
gnl/get_next_line.c:
#  Implicit rule search has been done.
#  Last modified 2022-05-31 04:23:19.6885113
#  File has been updated.
#  Successfully updated.

test: main
#  Implicit rule search has not been done.
#  Modification time never checked.
#  File has not been updated.
#  recipe to execute (from 'makefile', line 47):
	./main

# Not a target:
src/draw_image.c:
#  Implicit rule search has been done.
#  Last modified 2022-06-04 10:59:36.0768163
#  File has been updated.
#  Successfully updated.

# Not a target:
makefile:
#  Implicit rule search has been done.
#  Last modified 2022-06-04 05:38:08.8168163
#  File has been updated.
#  Successfully updated.

# Not a target:
src/ft_free.c:
#  Implicit rule search has been done.
#  Last modified 2022-06-01 03:12:13.0176763
#  File has been updated.
#  Successfully updated.

obj/exit_game.o: src/exit_game.c
#  Implicit rule search has been done.
#  Implicit/static pattern stem: 'exit_game'
#  Last modified 2022-06-05 00:41:19.1584134
#  File has been updated.
#  Successfully updated.
#  recipe to execute (from 'makefile', line 53):
	@ mkdir -p obj
	@ $(CC) -c $< -o $@
	@ echo ${RE}"Making the $(notdir $@)"${NC}

# Not a target:
src/link_list.c:
#  Implicit rule search has been done.
#  Last modified 2022-06-04 06:21:27.9968163
#  File has been updated.
#  Successfully updated.

fclean: clean
#  Implicit rule search has not been done.
#  Modification time never checked.
#  File has not been updated.
#  recipe to execute (from 'makefile', line 69):
	@ make fclean -C libft 
	@ $(RM) $(NAME)

# Not a target:
src/main.c:
#  Implicit rule search has been done.
#  Last modified 2022-06-04 11:43:33.2695161
#  File has been updated.
#  Successfully updated.

# Not a target:
.DEFAULT:
#  Implicit rule search has not been done.
#  Modification time never checked.
#  File has not been updated.

# Not a target:
src/exit_game.c:
#  Implicit rule search has been done.
#  Last modified 2022-06-04 11:43:00.3095161
#  File has been updated.
#  Successfully updated.

re: fclean all
#  Implicit rule search has not been done.
#  Modification time never checked.
#  File has not been updated.
#  recipe to execute (from 'makefile', line 73):
	# ./main

obj/parse.o: src/parse.c
#  Implicit rule search has been done.
#  Implicit/static pattern stem: 'parse'
#  Last modified 2022-06-05 00:41:18.9684134
#  File has been updated.
#  Successfully updated.
#  recipe to execute (from 'makefile', line 53):
	@ mkdir -p obj
	@ $(CC) -c $< -o $@
	@ echo ${RE}"Making the $(notdir $@)"${NC}

clean:
#  Implicit rule search has not been done.
#  Modification time never checked.
#  File has not been updated.
#  recipe to execute (from 'makefile', line 66):
	@ make clean -C libft 
	@ $(RM) $(OBJ)

obj/init.o: src/init.c
#  Implicit rule search has been done.
#  Implicit/static pattern stem: 'init'
#  Last modified 2022-06-05 00:41:19.1284134
#  File has been updated.
#  Successfully updated.
#  recipe to execute (from 'makefile', line 53):
	@ mkdir -p obj
	@ $(CC) -c $< -o $@
	@ echo ${RE}"Making the $(notdir $@)"${NC}

obj/gnl/get_next_line_utils.o: gnl/get_next_line_utils.c libft/library/libft.a
#  Implicit rule search has been done.
#  Implicit/static pattern stem: 'get_next_line_utils'
#  Last modified 2022-06-05 00:41:18.7984134
#  File has been updated.
#  Successfully updated.
#  recipe to execute (from 'makefile', line 58):
	@ mkdir -p obj/gnl
	@ $(CC) -c $< -o $@
	@ echo ${RE}"Making the $(notdir $@)"${NC}

# Not a target:
gnl/get_next_line_utils.c:
#  Implicit rule search has been done.
#  Last modified 2022-05-31 04:03:22.1485113
#  File has been updated.
#  Successfully updated.

obj/check_wall.o: src/check_wall.c
#  Implicit rule search has been done.
#  Implicit/static pattern stem: 'check_wall'
#  Last modified 2022-06-05 00:41:19.0484134
#  File has been updated.
#  Successfully updated.
#  recipe to execute (from 'makefile', line 53):
	@ mkdir -p obj
	@ $(CC) -c $< -o $@
	@ echo ${RE}"Making the $(notdir $@)"${NC}

main: libft/library/libft.a obj/gnl/get_next_line.o obj/gnl/get_next_line_utils.o obj/main.o obj/link_list.o obj/check_line_ber.o obj/parse.o obj/ft_free.o obj/check_wall.o obj/draw_image.o obj/init.o obj/exit_game.o
#  Implicit rule search has not been done.
#  Last modified 2022-06-05 00:41:19.2684134
#  File has been updated.
#  Successfully updated.
#  recipe to execute (from 'makefile', line 50):
	@ $(CC) $(OBJ) $(LIBRARY) $(CFLAGS) -o$(NAME)

libft/library/libft.a:
#  Implicit rule search has not been done.
#  Last modified 2022-06-05 00:41:18.7384134
#  File has been updated.
#  Successfully updated.
#  recipe to execute (from 'makefile', line 63):
	@ make -C libft

# Not a target:
src/parse.c:
#  Implicit rule search has been done.
#  Last modified 2022-06-04 08:30:17.4568163
#  File has been updated.
#  Successfully updated.

# Not a target:
src/init.c:
#  Implicit rule search has been done.
#  Last modified 2022-06-04 11:09:24.7868163
#  File has been updated.
#  Successfully updated.

obj/check_line_ber.o: src/check_line_ber.c
#  Implicit rule search has been done.
#  Implicit/static pattern stem: 'check_line_ber'
#  Last modified 2022-06-05 00:41:18.9084134
#  File has been updated.
#  Successfully updated.
#  recipe to execute (from 'makefile', line 53):
	@ mkdir -p obj
	@ $(CC) -c $< -o $@
	@ echo ${RE}"Making the $(notdir $@)"${NC}

# files hash-table stats:
# Load=32/1024=3%, Rehash=0, Collisions=3/100=3%
# VPATH Search Paths

# No 'vpath' search paths.

# No general ('VPATH' variable) search path.

# strcache buffers: 1 (0) / strings = 74 / storage = 873 B / avg = 11 B
# current buf: size = 8162 B / used = 873 B / count = 74 / avg = 11 B

# strcache performance: lookups = 115 / hit rate = 35%
# hash-table stats:
# Load=74/8192=1%, Rehash=0, Collisions=2/115=2%
# Finished Make data base on Sun Jun  5 00:43:13 2022

 
